<?xml version="1.0" encoding="UTF-8"?>
<!-- Generated by org.testng.reporters.JUnitXMLReporter -->
<testsuite hostname="LAPTOP-I5MPUN7Q" ignored="7" name="Test" tests="10" failures="0" timestamp="2022-04-01T15:32:05 IST" time="237.46" errors="0">
  <testcase name="loginTest" time="9.942" classname="com.mystore.testcases.LoginPageTest"/>
  <testcase name="endToEndTest" time="56.786" classname="com.mystore.testcases.EndToEndTest"/>
  <testcase name="verifyAccountPageTest" time="6.051" classname="com.mystore.testcases.AccountCreationPageTest"/>
  <testcase name="verifyLogo" time="0.071" classname="com.mystore.testcases.IndexPageTest"/>
  <testcase name="verifyTitle" time="0.01" classname="com.mystore.testcases.IndexPageTest"/>
  <testcase name="productAvalabiltyTest" time="15.32" classname="com.mystore.testcases.SearchResultPageTest"/>
  <testcase name="orderHistoryTest" time="12.178" classname="com.mystore.testcases.HomePageTest"/>
  <testcase name="wishListTest" time="15.941" classname="com.mystore.testcases.HomePageTest"/>
  <testcase name="verifyTotalPrice" time="24.977" classname="com.mystore.testcases.OrderPageTest"/>
  <testcase name="addToCart" time="10.324" classname="com.mystore.testcases.AddToCartTest"/>
  <testcase name="@BeforeTest loadConfig" time="0.0" classname="com.mystore.base.BaseClass">
    <ignored/>
  </testcase> <!-- @BeforeTest loadConfig -->
  <testcase name="@BeforeTest loadConfig" time="0.0" classname="com.mystore.base.BaseClass">
    <ignored/>
  </testcase> <!-- @BeforeTest loadConfig -->
  <testcase name="@BeforeTest loadConfig" time="0.0" classname="com.mystore.base.BaseClass">
    <ignored/>
  </testcase> <!-- @BeforeTest loadConfig -->
  <testcase name="@BeforeTest loadConfig" time="0.0" classname="com.mystore.base.BaseClass">
    <ignored/>
  </testcase> <!-- @BeforeTest loadConfig -->
  <testcase name="@BeforeTest loadConfig" time="0.0" classname="com.mystore.base.BaseClass">
    <ignored/>
  </testcase> <!-- @BeforeTest loadConfig -->
  <testcase name="@BeforeTest loadConfig" time="0.0" classname="com.mystore.base.BaseClass">
    <ignored/>
  </testcase> <!-- @BeforeTest loadConfig -->
  <testcase name="@BeforeTest loadConfig" time="0.0" classname="com.mystore.base.BaseClass">
    <ignored/>
  </testcase> <!-- @BeforeTest loadConfig -->
</testsuite> <!-- Test -->
